# JRE version: OpenJDK Runtime Environment (8.0_265-b01) (build 1.8.0_265-8u265-b01-0ubuntu2~18.04-b01)
# Java VM: OpenJDK 64-Bit Server VM (25.265-b01 mixed mode linux-amd64 compressed oops)
Heap:
 PSYoungGen      total 165888K, used 84657K [0x00000000eab00000, 0x00000000fca00000, 0x0000000100000000)
  eden space 164864K, 51% used [0x00000000eab00000,0x00000000efd1c520,0x00000000f4c00000)
  from space 1024K, 56% used [0x00000000fc900000,0x00000000fc990000,0x00000000fca00000)
  to   space 1024K, 0% used [0x00000000fc800000,0x00000000fc800000,0x00000000fc900000)
 ParOldGen       total 699392K, used 92159K [0x00000000c0000000, 0x00000000eab00000, 0x00000000eab00000)
  object space 699392K, 13% used [0x00000000c0000000,0x00000000c59ffda8,0x00000000eab00000)
 Metaspace       used 13971K, capacity 14580K, committed 14848K, reserved 1062912K
  class space    used 2025K, capacity 2185K, committed 2304K, reserved 1048576K
GC Heap History (10 events):
Event: 494.004 GC heap before
{Heap before GC invocations=2584 (full 4):
 PSYoungGen      total 146432K, used 146304K [0x00000000eab00000, 0x00000000fcb00000, 0x0000000100000000)
  eden space 145920K, 100% used [0x00000000eab00000,0x00000000f3980000,0x00000000f3980000)
  from space 512K, 75% used [0x00000000fc980000,0x00000000fc9e0000,0x00000000fca00000)
  to   space 1024K, 0% used [0x00000000fca00000,0x00000000fca00000,0x00000000fcb00000)
 ParOldGen       total 699392K, used 92159K [0x00000000c0000000, 0x00000000eab00000, 0x00000000eab00000)
  object space 699392K, 13% used [0x00000000c0000000,0x00000000c59ffda8,0x00000000eab00000)
 Metaspace       used 13966K, capacity 14580K, committed 14848K, reserved 1062912K
  class space    used 2023K, capacity 2185K, committed 2304K, reserved 1048576K
Event: 494.004 GC heap after
Heap after GC invocations=2584 (full 4):
 PSYoungGen      total 144384K, used 576K [0x00000000eab00000, 0x00000000fcb00000, 0x0000000100000000)
  eden space 143360K, 0% used [0x00000000eab00000,0x00000000eab00000,0x00000000f3700000)
  from space 1024K, 56% used [0x00000000fca00000,0x00000000fca90000,0x00000000fcb00000)
  to   space 1024K, 0% used [0x00000000fc900000,0x00000000fc900000,0x00000000fca00000)
 ParOldGen       total 699392K, used 92159K [0x00000000c0000000, 0x00000000eab00000, 0x00000000eab00000)
  object space 699392K, 13% used [0x00000000c0000000,0x00000000c59ffda8,0x00000000eab00000)
 Metaspace       used 13966K, capacity 14580K, committed 14848K, reserved 1062912K
  class space    used 2023K, capacity 2185K, committed 2304K, reserved 1048576K
}
Event: 494.134 GC heap before
{Heap before GC invocations=2585 (full 4):
 PSYoungGen      total 144384K, used 143936K [0x00000000eab00000, 0x00000000fcb00000, 0x0000000100000000)
  eden space 143360K, 100% used [0x00000000eab00000,0x00000000f3700000,0x00000000f3700000)
  from space 1024K, 56% used [0x00000000fca00000,0x00000000fca90000,0x00000000fcb00000)
  to   space 1024K, 0% used [0x00000000fc900000,0x00000000fc900000,0x00000000fca00000)
 ParOldGen       total 699392K, used 92159K [0x00000000c0000000, 0x00000000eab00000, 0x00000000eab00000)
  object space 699392K, 13% used [0x00000000c0000000,0x00000000c59ffda8,0x00000000eab00000)
 Metaspace       used 13966K, capacity 14580K, committed 14848K, reserved 1062912K
  class space    used 2023K, capacity 2185K, committed 2304K, reserved 1048576K
Event: 494.135 GC heap after
Heap after GC invocations=2585 (full 4):
 PSYoungGen      total 141824K, used 256K [0x00000000eab00000, 0x00000000fca80000, 0x0000000100000000)
  eden space 141312K, 0% used [0x00000000eab00000,0x00000000eab00000,0x00000000f3500000)
  from space 512K, 50% used [0x00000000fc900000,0x00000000fc940000,0x00000000fc980000)
  to   space 1024K, 0% used [0x00000000fc980000,0x00000000fc980000,0x00000000fca80000)
 ParOldGen       total 699392K, used 92159K [0x00000000c0000000, 0x00000000eab00000, 0x00000000eab00000)
  object space 699392K, 13% used [0x00000000c0000000,0x00000000c59ffda8,0x00000000eab00000)
 Metaspace       used 13966K, capacity 14580K, committed 14848K, reserved 1062912K
  class space    used 2023K, capacity 2185K, committed 2304K, reserved 1048576K
}
Event: 494.268 GC heap before
{Heap before GC invocations=2586 (full 4):
 PSYoungGen      total 141824K, used 141568K [0x00000000eab00000, 0x00000000fca80000, 0x0000000100000000)
  eden space 141312K, 100% used [0x00000000eab00000,0x00000000f3500000,0x00000000f3500000)
  from space 512K, 50% used [0x00000000fc900000,0x00000000fc940000,0x00000000fc980000)
  to   space 1024K, 0% used [0x00000000fc980000,0x00000000fc980000,0x00000000fca80000)
 ParOldGen       total 699392K, used 92159K [0x00000000c0000000, 0x00000000eab00000, 0x00000000eab00000)
  object space 699392K, 13% used [0x00000000c0000000,0x00000000c59ffda8,0x00000000eab00000)
 Metaspace       used 13966K, capacity 14580K, committed 14848K, reserved 1062912K
  class space    used 2023K, capacity 2185K, committed 2304K, reserved 1048576K
Event: 494.270 GC heap after
Heap after GC invocations=2586 (full 4):
 PSYoungGen      total 139776K, used 448K [0x00000000eab00000, 0x00000000fca00000, 0x0000000100000000)
  eden space 139264K, 0% used [0x00000000eab00000,0x00000000eab00000,0x00000000f3300000)
  from space 512K, 87% used [0x00000000fc980000,0x00000000fc9f0000,0x00000000fca00000)
  to   space 1024K, 0% used [0x00000000fc800000,0x00000000fc800000,0x00000000fc900000)
 ParOldGen       total 699392K, used 92159K [0x00000000c0000000, 0x00000000eab00000, 0x00000000eab00000)
  object space 699392K, 13% used [0x00000000c0000000,0x00000000c59ffda8,0x00000000eab00000)
 Metaspace       used 13966K, capacity 14580K, committed 14848K, reserved 1062912K
  class space    used 2023K, capacity 2185K, committed 2304K, reserved 1048576K
}
Event: 494.393 GC heap before
{Heap before GC invocations=2587 (full 4):
 PSYoungGen      total 139776K, used 139712K [0x00000000eab00000, 0x00000000fca00000, 0x0000000100000000)
  eden space 139264K, 100% used [0x00000000eab00000,0x00000000f3300000,0x00000000f3300000)
  from space 512K, 87% used [0x00000000fc980000,0x00000000fc9f0000,0x00000000fca00000)
  to   space 1024K, 0% used [0x00000000fc800000,0x00000000fc800000,0x00000000fc900000)
 ParOldGen       total 699392K, used 92159K [0x00000000c0000000, 0x00000000eab00000, 0x00000000eab00000)
  object space 699392K, 13% used [0x00000000c0000000,0x00000000c59ffda8,0x00000000eab00000)
 Metaspace       used 13966K, capacity 14580K, committed 14848K, reserved 1062912K
  class space    used 2023K, capacity 2185K, committed 2304K, reserved 1048576K
Event: 494.395 GC heap after
Heap after GC invocations=2587 (full 4):
 PSYoungGen      total 138240K, used 576K [0x00000000eab00000, 0x00000000fca00000, 0x0000000100000000)
  eden space 137216K, 0% used [0x00000000eab00000,0x00000000eab00000,0x00000000f3100000)
  from space 1024K, 56% used [0x00000000fc800000,0x00000000fc890000,0x00000000fc900000)
  to   space 1024K, 0% used [0x00000000fc900000,0x00000000fc900000,0x00000000fca00000)
 ParOldGen       total 699392K, used 92159K [0x00000000c0000000, 0x00000000eab00000, 0x00000000eab00000)
  object space 699392K, 13% used [0x00000000c0000000,0x00000000c59ffda8,0x00000000eab00000)
 Metaspace       used 13966K, capacity 14580K, committed 14848K, reserved 1062912K
  class space    used 2023K, capacity 2185K, committed 2304K, reserved 1048576K
}
Event: 494.517 GC heap before
{Heap before GC invocations=2588 (full 4):
 PSYoungGen      total 138240K, used 137792K [0x00000000eab00000, 0x00000000fca00000, 0x0000000100000000)
  eden space 137216K, 100% used [0x00000000eab00000,0x00000000f3100000,0x00000000f3100000)
  from space 1024K, 56% used [0x00000000fc800000,0x00000000fc890000,0x00000000fc900000)
  to   space 1024K, 0% used [0x00000000fc900000,0x00000000fc900000,0x00000000fca00000)
 ParOldGen       total 699392K, used 92159K [0x00000000c0000000, 0x00000000eab00000, 0x00000000eab00000)
  object space 699392K, 13% used [0x00000000c0000000,0x00000000c59ffda8,0x00000000eab00000)
 Metaspace       used 13966K, capacity 14580K, committed 14848K, reserved 1062912K
  class space    used 2023K, capacity 2185K, committed 2304K, reserved 1048576K
Event: 494.519 GC heap after
Heap after GC invocations=2588 (full 4):
 PSYoungGen      total 165888K, used 576K [0x00000000eab00000, 0x00000000fca00000, 0x0000000100000000)
  eden space 164864K, 0% used [0x00000000eab00000,0x00000000eab00000,0x00000000f4c00000)
  from space 1024K, 56% used [0x00000000fc900000,0x00000000fc990000,0x00000000fca00000)
  to   space 1024K, 0% used [0x00000000fc800000,0x00000000fc800000,0x00000000fc900000)
 ParOldGen       total 699392K, used 92159K [0x00000000c0000000, 0x00000000eab00000, 0x00000000eab00000)
  object space 699392K, 13% used [0x00000000c0000000,0x00000000c59ffda8,0x00000000eab00000)
 Metaspace       used 13966K, capacity 14580K, committed 14848K, reserved 1062912K
  class space    used 2023K, capacity 2185K, committed 2304K, reserved 1048576K
}

